This item has price but no weight!
Maximum stack was set more than 100.
Unknown resource: UTIL/409 in DATA/PATCH2.BIF (#999)
Unknown resource: UI/408 in DATA/PATCH2.BIF (#997)
Unknown resource: TOOLTIP/40a in DATA/PATCH2.BIF (#995)
Unknown resource: TOOLFONT/40a in DATA/PATCH2.BIF (#994)
Unknown resource: SUBTITLE/40a in DATA/PATCH2.BIF (#992)
Unknown resource: STONESML/40a in DATA/PATCH2.BIF (#991)
Unknown resource: STONEBIG/40a in DATA/PATCH2.BIF (#990)
Unknown resource: STATES2/40a in DATA/PATCH2.BIF (#987)
Unknown resource: SHERWOOD/40a in DATA/PATCH2.BIF (#908)
Unknown resource: REALMS/40a in DATA/PATCH2.BIF (#903)
Unknown resource: POSTANTI/40a in DATA/PATCH2.BIF (#898)
Unknown resource: NORMAL/40a in DATA/PATCH2.BIF (#860)
Unknown resource: MODESTOM/40a in DATA/PATCH2.BIF (#832)
Unknown resource: L_PT_BR/409 in DATA/PATCH2.BIF (#725)
Unknown resource: L_IT_IT/409 in DATA/PATCH2.BIF (#724)
Unknown resource: L_ES_ES/409 in DATA/PATCH2.BIF (#723)
Unknown resource: L_EN_US/409 in DATA/PATCH2.BIF (#722)
Unknown resource: L_DE_DE/409 in DATA/PATCH2.BIF (#721)
Unknown resource: L_CS_CZ/409 in DATA/PATCH2.BIF (#720)
Unknown resource: INCLUDES/409 in DATA/PATCH2.BIF (#701)
Unknown resource: FLOATTXT/40a in DATA/PATCH2.BIF (#643)
Unknown resource: FEINEN/40a in DATA/PATCH2.BIF (#642)
Unknown resource: DIALOG/40a in DATA/PATCH2.BIF (#504)
Unknown resource: BGEE/409 in DATA/PATCH2.BIF (#449)
Unknown resource: /0 in DATA/STORES.BIF (#0)
Found 610 table(s) in chitin.key.
Found 0 music(s) in chitin.key.
Found 423 area(s) in chitin.key.
Found 17106 animation(s) in chitin.key.
Found 4356 script(s) in chitin.key.
Found 4 biography(s) in chitin.key.
Found 2651 bitmap(s) in chitin.key.
Found 4 character(s) in chitin.key.
Found 35 user interface(s) in chitin.key.
Found 4732 creature(s) in chitin.key.
Found 2884 dialog(s) in chitin.key.
Found 542 external effect(s) in chitin.key.
Found 1 game(s) in chitin.key.
Found 70 identifiers(s) in chitin.key.
Found 466 parameters(s) in chitin.key.
Found 2864 item(s) in chitin.key.
Found 617 tiled image(s) in chitin.key.
Found 0 musiclist(s) in chitin.key.
Found 0 movie(s) in chitin.key.
Found 196 paperdoll(s) in chitin.key.
Found 231 projectile(s) in chitin.key.
Found 1607 spell(s) in chitin.key.
Found 0 string resource(s) in chitin.key.
Found 172 store(s) in chitin.key.
Found 460 tileset(s) in chitin.key.
Found 1 visual effect(s) in chitin.key.
Found 224 videocell(s) in chitin.key.
Found 17719 sound(s) in chitin.key.
Found 400 wedfile(s) in chitin.key.
Found 7 wave effect(s) in chitin.key.
Found 2 worldmap(s) in chitin.key.
Found 13 font(s) in chitin.key.
Found 2 SQL script(s) in chitin.key.
Found 1 GUI script(s) in chitin.key.
Found 33 movie(s) in chitin.key.
Found 3671 tile surface(s) in chitin.key.
Found 31 shader script(s) in chitin.key.
Found 242 table(s) not listed in chitin.key
Found 143 area(s) not listed in chitin.key
Found 1467 animation(s) not listed in chitin.key
Found 1556 script(s) not listed in chitin.key
Found 787 bitmap(s) not listed in chitin.key
Found 1414 creature(s) not listed in chitin.key
Found 764 dialog(s) not listed in chitin.key
Found 340 external effect(s) not listed in chitin.key
Found 2 identifiers(s) not listed in chitin.key
Found 2 parameters(s) not listed in chitin.key
Found 1560 item(s) not listed in chitin.key
Found 93 tiled image(s) not listed in chitin.key
Found 3 musiclist(s) not listed in chitin.key
Found 68 projectile(s) not listed in chitin.key
Found 1688 spell(s) not listed in chitin.key
Found 36 store(s) not listed in chitin.key
Found 90 tileset(s) not listed in chitin.key
Found 8 visual effect(s) not listed in chitin.key
Found 211 videocell(s) not listed in chitin.key
Found 1527 sound(s) not listed in chitin.key
Found 89 wedfile(s) not listed in chitin.key
Found 3 movie(s) not listed in chitin.key
Found 150 tile surface(s) not listed in chitin.key
Generating music list...
BD440X
Missing music (A) in musiclist.
Found 542 musics listed in musiclists.
Generating music list...
BD440X
Missing music (A) in musiclist.
Found 0 musics listed in musiclists.
Generating music list...
BD440X
Missing music (A) in musiclist.
Found 0 musics listed in musiclists.
Unknown resource: DIALOG/40a in DATA/SODOVR.BIF (#31)
Unknown resource: FEINEN/40a in DATA/SODOVR.BIF (#32)
Unknown resource: FLOATTXT/40a in DATA/SODOVR.BIF (#35)
Unknown resource: INCLUDES/409 in DATA/SODOVR.BIF (#48)
Unknown resource: L_EN_US/409 in DATA/SODOVR.BIF (#49)
Unknown resource: MEIRYO/40a in DATA/SODOVR.BIF (#50)
Unknown resource: MODESTOM/40a in DATA/SODOVR.BIF (#77)
Unknown resource: NANUM/40a in DATA/SODOVR.BIF (#80)
Unknown resource: NORMAL/40a in DATA/SODOVR.BIF (#81)
Unknown resource: PERMIAN/40a in DATA/SODOVR.BIF (#85)
Unknown resource: POSTANTI/40a in DATA/SODOVR.BIF (#86)
Unknown resource: PTSERIF/40a in DATA/SODOVR.BIF (#87)
Unknown resource: REALMS/40a in DATA/SODOVR.BIF (#92)
Unknown resource: SHERWOOD/40a in DATA/SODOVR.BIF (#98)
Unknown resource: SIMSUN/40a in DATA/SODOVR.BIF (#99)
Unknown resource: STATES2/40a in DATA/SODOVR.BIF (#139)
Unknown resource: STONEBIG/40a in DATA/SODOVR.BIF (#140)
Unknown resource: STONESML/40a in DATA/SODOVR.BIF (#141)
Unknown resource: SUBTITLE/40a in DATA/SODOVR.BIF (#144)
Unknown resource: TOOLFONT/40a in DATA/SODOVR.BIF (#145)
Unknown resource: TOOLTIP/40a in DATA/SODOVR.BIF (#146)
Unknown resource: BGEE/409 in DATA/SODUI.BIF (#190)
Unknown resource: UI/408 in DATA/SODUI.BIF (#1371)
Unknown resource: UTIL/409 in DATA/SODUI.BIF (#1373)
Unknown resource: L_CS_CZ/409 in DATA/PATCH20.BIF (#23)
Unknown resource: L_DE_DE/409 in DATA/PATCH20.BIF (#24)
Unknown resource: L_ES_ES/409 in DATA/PATCH20.BIF (#25)
Unknown resource: L_FR_FR/409 in DATA/PATCH20.BIF (#26)
Unknown resource: L_IT_IT/409 in DATA/PATCH20.BIF (#27)
Unknown resource: L_JA_JP/409 in DATA/PATCH20.BIF (#28)
Unknown resource: L_KO_KR/409 in DATA/PATCH20.BIF (#29)
Unknown resource: L_PL_PL/409 in DATA/PATCH20.BIF (#30)
Unknown resource: L_PT_BR/409 in DATA/PATCH20.BIF (#31)
Unknown resource: L_RU_RU/409 in DATA/PATCH20.BIF (#32)
Unknown resource: L_TR_TR/409 in DATA/PATCH20.BIF (#33)
Unknown resource: L_UK_UA/409 in DATA/PATCH20.BIF (#34)
Unknown resource: L_ZH_CN/409 in DATA/PATCH20.BIF (#35)
Found 627 table(s) in chitin.key.
Found 0 music(s) in chitin.key.
Found 596 area(s) in chitin.key.
Found 17920 animation(s) in chitin.key.
Found 2264 script(s) in chitin.key.
Found 0 biography(s) in chitin.key.
Found 2626 bitmap(s) in chitin.key.
Found 19 character(s) in chitin.key.
Found 35 user interface(s) in chitin.key.
Found 3763 creature(s) in chitin.key.
Found 1834 dialog(s) in chitin.key.
Found 640 external effect(s) in chitin.key.
Found 1 game(s) in chitin.key.
Found 69 identifiers(s) in chitin.key.
Found 470 parameters(s) in chitin.key.
Found 2129 item(s) in chitin.key.
Found 736 tiled image(s) in chitin.key.
Found 0 musiclist(s) in chitin.key.
Found 0 movie(s) in chitin.key.
Found 196 paperdoll(s) in chitin.key.
Found 243 projectile(s) in chitin.key.
Found 1435 spell(s) in chitin.key.
Found 0 string resource(s) in chitin.key.
Found 167 store(s) in chitin.key.
Found 510 tileset(s) in chitin.key.
Found 1 visual effect(s) in chitin.key.
Found 255 videocell(s) in chitin.key.
Found 14286 sound(s) in chitin.key.
Found 442 wedfile(s) in chitin.key.
Found 0 wave effect(s) in chitin.key.
Found 4 worldmap(s) in chitin.key.
Found 12 font(s) in chitin.key.
Found 2 SQL script(s) in chitin.key.
Found 1 GUI script(s) in chitin.key.
Found 65 movie(s) in chitin.key.
Found 3834 tile surface(s) in chitin.key.
Found 31 shader script(s) in chitin.key.
Found 106 table(s) not listed in chitin.key
Found 13 area(s) not listed in chitin.key
Found 881 animation(s) not listed in chitin.key
Found 535 script(s) not listed in chitin.key
Found 1001 bitmap(s) not listed in chitin.key
Found 491 creature(s) not listed in chitin.key
Found 252 dialog(s) not listed in chitin.key
Found 259 external effect(s) not listed in chitin.key
Found 2 identifiers(s) not listed in chitin.key
Found 6 parameters(s) not listed in chitin.key
Found 587 item(s) not listed in chitin.key
Found 13 tiled image(s) not listed in chitin.key
Found 49 projectile(s) not listed in chitin.key
Found 1048 spell(s) not listed in chitin.key
Found 14 store(s) not listed in chitin.key
Found 6 tileset(s) not listed in chitin.key
Found 145 videocell(s) not listed in chitin.key
Found 345 sound(s) not listed in chitin.key
Found 12 wedfile(s) not listed in chitin.key
Found 4 movie(s) not listed in chitin.key
Found 43 tile surface(s) not listed in chitin.key
Generating music list...
L#1VERMU
Missing music (A) in musiclist.
V#1WHBL
Missing music (A) in musiclist.
Found 737 musics listed in musiclists.
Generating music list...
L#1VERMU
Missing music (A) in musiclist.
V#1WHBL
Missing music (A) in musiclist.
Found 0 musics listed in musiclists.
Generating music list...
L#1VERMU
Missing music (A) in musiclist.
V#1WHBL
Missing music (A) in musiclist.
Found 0 musics listed in musiclists.
Unknown resource: DIALOG/40a in DATA/SODOVR.BIF (#31)
Unknown resource: FEINEN/40a in DATA/SODOVR.BIF (#32)
Unknown resource: FLOATTXT/40a in DATA/SODOVR.BIF (#35)
Unknown resource: INCLUDES/409 in DATA/SODOVR.BIF (#48)
Unknown resource: L_EN_US/409 in DATA/SODOVR.BIF (#49)
Unknown resource: MEIRYO/40a in DATA/SODOVR.BIF (#50)
Unknown resource: MODESTOM/40a in DATA/SODOVR.BIF (#77)
Unknown resource: NANUM/40a in DATA/SODOVR.BIF (#80)
Unknown resource: NORMAL/40a in DATA/SODOVR.BIF (#81)
Unknown resource: PERMIAN/40a in DATA/SODOVR.BIF (#85)
Unknown resource: POSTANTI/40a in DATA/SODOVR.BIF (#86)
Unknown resource: PTSERIF/40a in DATA/SODOVR.BIF (#87)
Unknown resource: REALMS/40a in DATA/SODOVR.BIF (#92)
Unknown resource: SHERWOOD/40a in DATA/SODOVR.BIF (#98)
Unknown resource: SIMSUN/40a in DATA/SODOVR.BIF (#99)
Unknown resource: STATES2/40a in DATA/SODOVR.BIF (#139)
Unknown resource: STONEBIG/40a in DATA/SODOVR.BIF (#140)
Unknown resource: STONESML/40a in DATA/SODOVR.BIF (#141)
Unknown resource: SUBTITLE/40a in DATA/SODOVR.BIF (#144)
Unknown resource: TOOLFONT/40a in DATA/SODOVR.BIF (#145)
Unknown resource: TOOLTIP/40a in DATA/SODOVR.BIF (#146)
Unknown resource: BGEE/409 in DATA/SODUI.BIF (#190)
Unknown resource: UI/408 in DATA/SODUI.BIF (#1371)
Unknown resource: UTIL/409 in DATA/SODUI.BIF (#1373)
Unknown resource: L_CS_CZ/409 in DATA/PATCH20.BIF (#23)
Unknown resource: L_DE_DE/409 in DATA/PATCH20.BIF (#24)
Unknown resource: L_ES_ES/409 in DATA/PATCH20.BIF (#25)
Unknown resource: L_FR_FR/409 in DATA/PATCH20.BIF (#26)
Unknown resource: L_IT_IT/409 in DATA/PATCH20.BIF (#27)
Unknown resource: L_JA_JP/409 in DATA/PATCH20.BIF (#28)
Unknown resource: L_KO_KR/409 in DATA/PATCH20.BIF (#29)
Unknown resource: L_PL_PL/409 in DATA/PATCH20.BIF (#30)
Unknown resource: L_PT_BR/409 in DATA/PATCH20.BIF (#31)
Unknown resource: L_RU_RU/409 in DATA/PATCH20.BIF (#32)
Unknown resource: L_TR_TR/409 in DATA/PATCH20.BIF (#33)
Unknown resource: L_UK_UA/409 in DATA/PATCH20.BIF (#34)
Unknown resource: L_ZH_CN/409 in DATA/PATCH20.BIF (#35)
Found 627 table(s) in chitin.key.
Found 0 music(s) in chitin.key.
Found 596 area(s) in chitin.key.
Found 17920 animation(s) in chitin.key.
Found 2264 script(s) in chitin.key.
Found 0 biography(s) in chitin.key.
Found 2626 bitmap(s) in chitin.key.
Found 19 character(s) in chitin.key.
Found 35 user interface(s) in chitin.key.
Found 3763 creature(s) in chitin.key.
Found 1834 dialog(s) in chitin.key.
Found 640 external effect(s) in chitin.key.
Found 1 game(s) in chitin.key.
Found 69 identifiers(s) in chitin.key.
Found 470 parameters(s) in chitin.key.
Found 2129 item(s) in chitin.key.
Found 736 tiled image(s) in chitin.key.
Found 0 musiclist(s) in chitin.key.
Found 0 movie(s) in chitin.key.
Found 196 paperdoll(s) in chitin.key.
Found 243 projectile(s) in chitin.key.
Found 1435 spell(s) in chitin.key.
Found 0 string resource(s) in chitin.key.
Found 167 store(s) in chitin.key.
Found 510 tileset(s) in chitin.key.
Found 1 visual effect(s) in chitin.key.
Found 255 videocell(s) in chitin.key.
Found 14286 sound(s) in chitin.key.
Found 442 wedfile(s) in chitin.key.
Found 0 wave effect(s) in chitin.key.
Found 4 worldmap(s) in chitin.key.
Found 12 font(s) in chitin.key.
Found 2 SQL script(s) in chitin.key.
Found 1 GUI script(s) in chitin.key.
Found 65 movie(s) in chitin.key.
Found 3834 tile surface(s) in chitin.key.
Found 31 shader script(s) in chitin.key.
Found 106 table(s) not listed in chitin.key
Found 13 area(s) not listed in chitin.key
Found 881 animation(s) not listed in chitin.key
Found 535 script(s) not listed in chitin.key
Found 1001 bitmap(s) not listed in chitin.key
Found 491 creature(s) not listed in chitin.key
Found 254 dialog(s) not listed in chitin.key
Found 259 external effect(s) not listed in chitin.key
Found 2 identifiers(s) not listed in chitin.key
Found 6 parameters(s) not listed in chitin.key
Found 587 item(s) not listed in chitin.key
Found 13 tiled image(s) not listed in chitin.key
Found 49 projectile(s) not listed in chitin.key
Found 1074 spell(s) not listed in chitin.key
Found 14 store(s) not listed in chitin.key
Found 6 tileset(s) not listed in chitin.key
Found 145 videocell(s) not listed in chitin.key
Found 375 sound(s) not listed in chitin.key
Found 12 wedfile(s) not listed in chitin.key
Found 4 movie(s) not listed in chitin.key
Found 43 tile surface(s) not listed in chitin.key
Generating music list...
L#1VERMU
Missing music (A) in musiclist.
V#1WHBL
Missing music (A) in musiclist.
Found 737 musics listed in musiclists.
Generating music list...
L#1VERMU
Missing music (A) in musiclist.
V#1WHBL
Missing music (A) in musiclist.
Found 0 musics listed in musiclists.
Generating music list...
L#1VERMU
Missing music (A) in musiclist.
V#1WHBL
Missing music (A) in musiclist.
Found 0 musics listed in musiclists.
Unknown resource: DIALOG/40a in DATA/SODOVR.BIF (#31)
Unknown resource: FEINEN/40a in DATA/SODOVR.BIF (#32)
Unknown resource: FLOATTXT/40a in DATA/SODOVR.BIF (#35)
Unknown resource: INCLUDES/409 in DATA/SODOVR.BIF (#48)
Unknown resource: L_EN_US/409 in DATA/SODOVR.BIF (#49)
Unknown resource: MEIRYO/40a in DATA/SODOVR.BIF (#50)
Unknown resource: MODESTOM/40a in DATA/SODOVR.BIF (#77)
Unknown resource: NANUM/40a in DATA/SODOVR.BIF (#80)
Unknown resource: NORMAL/40a in DATA/SODOVR.BIF (#81)
Unknown resource: PERMIAN/40a in DATA/SODOVR.BIF (#85)
Unknown resource: POSTANTI/40a in DATA/SODOVR.BIF (#86)
Unknown resource: PTSERIF/40a in DATA/SODOVR.BIF (#87)
Unknown resource: REALMS/40a in DATA/SODOVR.BIF (#92)
Unknown resource: SHERWOOD/40a in DATA/SODOVR.BIF (#98)
Unknown resource: SIMSUN/40a in DATA/SODOVR.BIF (#99)
Unknown resource: STATES2/40a in DATA/SODOVR.BIF (#139)
Unknown resource: STONEBIG/40a in DATA/SODOVR.BIF (#140)
Unknown resource: STONESML/40a in DATA/SODOVR.BIF (#141)
Unknown resource: SUBTITLE/40a in DATA/SODOVR.BIF (#144)
Unknown resource: TOOLFONT/40a in DATA/SODOVR.BIF (#145)
Unknown resource: TOOLTIP/40a in DATA/SODOVR.BIF (#146)
Unknown resource: BGEE/409 in DATA/SODUI.BIF (#190)
Unknown resource: UI/408 in DATA/SODUI.BIF (#1371)
Unknown resource: UTIL/409 in DATA/SODUI.BIF (#1373)
Unknown resource: L_CS_CZ/409 in DATA/PATCH20.BIF (#23)
Unknown resource: L_DE_DE/409 in DATA/PATCH20.BIF (#24)
Unknown resource: L_ES_ES/409 in DATA/PATCH20.BIF (#25)
Unknown resource: L_FR_FR/409 in DATA/PATCH20.BIF (#26)
Unknown resource: L_IT_IT/409 in DATA/PATCH20.BIF (#27)
Unknown resource: L_JA_JP/409 in DATA/PATCH20.BIF (#28)
Unknown resource: L_KO_KR/409 in DATA/PATCH20.BIF (#29)
Unknown resource: L_PL_PL/409 in DATA/PATCH20.BIF (#30)
Unknown resource: L_PT_BR/409 in DATA/PATCH20.BIF (#31)
Unknown resource: L_RU_RU/409 in DATA/PATCH20.BIF (#32)
Unknown resource: L_TR_TR/409 in DATA/PATCH20.BIF (#33)
Unknown resource: L_UK_UA/409 in DATA/PATCH20.BIF (#34)
Unknown resource: L_ZH_CN/409 in DATA/PATCH20.BIF (#35)
Found 627 table(s) in chitin.key.
Found 0 music(s) in chitin.key.
Found 596 area(s) in chitin.key.
Found 17920 animation(s) in chitin.key.
Found 2264 script(s) in chitin.key.
Found 0 biography(s) in chitin.key.
Found 2626 bitmap(s) in chitin.key.
Found 19 character(s) in chitin.key.
Found 35 user interface(s) in chitin.key.
Found 3763 creature(s) in chitin.key.
Found 1834 dialog(s) in chitin.key.
Found 640 external effect(s) in chitin.key.
Found 1 game(s) in chitin.key.
Found 69 identifiers(s) in chitin.key.
Found 470 parameters(s) in chitin.key.
Found 2129 item(s) in chitin.key.
Found 736 tiled image(s) in chitin.key.
Found 0 musiclist(s) in chitin.key.
Found 0 movie(s) in chitin.key.
Found 196 paperdoll(s) in chitin.key.
Found 243 projectile(s) in chitin.key.
Found 1435 spell(s) in chitin.key.
Found 0 string resource(s) in chitin.key.
Found 167 store(s) in chitin.key.
Found 510 tileset(s) in chitin.key.
Found 1 visual effect(s) in chitin.key.
Found 255 videocell(s) in chitin.key.
Found 14286 sound(s) in chitin.key.
Found 442 wedfile(s) in chitin.key.
Found 0 wave effect(s) in chitin.key.
Found 4 worldmap(s) in chitin.key.
Found 12 font(s) in chitin.key.
Found 2 SQL script(s) in chitin.key.
Found 1 GUI script(s) in chitin.key.
Found 65 movie(s) in chitin.key.
Found 3834 tile surface(s) in chitin.key.
Found 31 shader script(s) in chitin.key.
Found 106 table(s) not listed in chitin.key
Found 13 area(s) not listed in chitin.key
Found 883 animation(s) not listed in chitin.key
Found 535 script(s) not listed in chitin.key
Found 1001 bitmap(s) not listed in chitin.key
Found 491 creature(s) not listed in chitin.key
Found 254 dialog(s) not listed in chitin.key
Found 259 external effect(s) not listed in chitin.key
Found 2 identifiers(s) not listed in chitin.key
Found 6 parameters(s) not listed in chitin.key
Found 591 item(s) not listed in chitin.key
Found 13 tiled image(s) not listed in chitin.key
Found 49 projectile(s) not listed in chitin.key
Found 1074 spell(s) not listed in chitin.key
Found 14 store(s) not listed in chitin.key
Found 6 tileset(s) not listed in chitin.key
Found 145 videocell(s) not listed in chitin.key
Found 375 sound(s) not listed in chitin.key
Found 12 wedfile(s) not listed in chitin.key
Found 4 movie(s) not listed in chitin.key
Found 43 tile surface(s) not listed in chitin.key
Generating music list...
L#1VERMU
Missing music (A) in musiclist.
V#1WHBL
Missing music (A) in musiclist.
Found 737 musics listed in musiclists.
Generating music list...
L#1VERMU
Missing music (A) in musiclist.
V#1WHBL
Missing music (A) in musiclist.
Found 0 musics listed in musiclists.
Generating music list...
L#1VERMU
Missing music (A) in musiclist.
V#1WHBL
Missing music (A) in musiclist.
Found 0 musics listed in musiclists.
Unknown resource: UTIL/409 in DATA/PATCH2.BIF (#999)
Unknown resource: UI/408 in DATA/PATCH2.BIF (#997)
Unknown resource: TOOLTIP/40a in DATA/PATCH2.BIF (#995)
Unknown resource: TOOLFONT/40a in DATA/PATCH2.BIF (#994)
Unknown resource: SUBTITLE/40a in DATA/PATCH2.BIF (#992)
Unknown resource: STONESML/40a in DATA/PATCH2.BIF (#991)
Unknown resource: STONEBIG/40a in DATA/PATCH2.BIF (#990)
Unknown resource: STATES2/40a in DATA/PATCH2.BIF (#987)
Unknown resource: SHERWOOD/40a in DATA/PATCH2.BIF (#908)
Unknown resource: REALMS/40a in DATA/PATCH2.BIF (#903)
Unknown resource: POSTANTI/40a in DATA/PATCH2.BIF (#898)
Unknown resource: NORMAL/40a in DATA/PATCH2.BIF (#860)
Unknown resource: MODESTOM/40a in DATA/PATCH2.BIF (#832)
Unknown resource: L_PT_BR/409 in DATA/PATCH2.BIF (#725)
Unknown resource: L_IT_IT/409 in DATA/PATCH2.BIF (#724)
Unknown resource: L_ES_ES/409 in DATA/PATCH2.BIF (#723)
Unknown resource: L_EN_US/409 in DATA/PATCH2.BIF (#722)
Unknown resource: L_DE_DE/409 in DATA/PATCH2.BIF (#721)
Unknown resource: L_CS_CZ/409 in DATA/PATCH2.BIF (#720)
Unknown resource: INCLUDES/409 in DATA/PATCH2.BIF (#701)
Unknown resource: FLOATTXT/40a in DATA/PATCH2.BIF (#643)
Unknown resource: FEINEN/40a in DATA/PATCH2.BIF (#642)
Unknown resource: DIALOG/40a in DATA/PATCH2.BIF (#504)
Unknown resource: BGEE/409 in DATA/PATCH2.BIF (#449)
Unknown resource: /0 in DATA/STORES.BIF (#0)
Found 610 table(s) in chitin.key.
Found 0 music(s) in chitin.key.
Found 423 area(s) in chitin.key.
Found 17106 animation(s) in chitin.key.
Found 4356 script(s) in chitin.key.
Found 4 biography(s) in chitin.key.
Found 2651 bitmap(s) in chitin.key.
Found 4 character(s) in chitin.key.
Found 35 user interface(s) in chitin.key.
Found 4732 creature(s) in chitin.key.
Found 2884 dialog(s) in chitin.key.
Found 542 external effect(s) in chitin.key.
Found 1 game(s) in chitin.key.
Found 70 identifiers(s) in chitin.key.
Found 466 parameters(s) in chitin.key.
Found 2864 item(s) in chitin.key.
Found 617 tiled image(s) in chitin.key.
Found 0 musiclist(s) in chitin.key.
Found 0 movie(s) in chitin.key.
Found 196 paperdoll(s) in chitin.key.
Found 231 projectile(s) in chitin.key.
Found 1607 spell(s) in chitin.key.
Found 0 string resource(s) in chitin.key.
Found 172 store(s) in chitin.key.
Found 460 tileset(s) in chitin.key.
Found 1 visual effect(s) in chitin.key.
Found 224 videocell(s) in chitin.key.
Found 17719 sound(s) in chitin.key.
Found 400 wedfile(s) in chitin.key.
Found 7 wave effect(s) in chitin.key.
Found 2 worldmap(s) in chitin.key.
Found 13 font(s) in chitin.key.
Found 2 SQL script(s) in chitin.key.
Found 1 GUI script(s) in chitin.key.
Found 33 movie(s) in chitin.key.
Found 3671 tile surface(s) in chitin.key.
Found 31 shader script(s) in chitin.key.
Found 242 table(s) not listed in chitin.key
Found 143 area(s) not listed in chitin.key
Found 1467 animation(s) not listed in chitin.key
Found 1556 script(s) not listed in chitin.key
Found 787 bitmap(s) not listed in chitin.key
Found 1414 creature(s) not listed in chitin.key
Found 764 dialog(s) not listed in chitin.key
Found 340 external effect(s) not listed in chitin.key
Found 2 identifiers(s) not listed in chitin.key
Found 2 parameters(s) not listed in chitin.key
Found 1562 item(s) not listed in chitin.key
Found 93 tiled image(s) not listed in chitin.key
Found 3 musiclist(s) not listed in chitin.key
Found 68 projectile(s) not listed in chitin.key
Found 1689 spell(s) not listed in chitin.key
Found 36 store(s) not listed in chitin.key
Found 90 tileset(s) not listed in chitin.key
Found 8 visual effect(s) not listed in chitin.key
Found 211 videocell(s) not listed in chitin.key
Found 1527 sound(s) not listed in chitin.key
Found 89 wedfile(s) not listed in chitin.key
Found 3 movie(s) not listed in chitin.key
Found 150 tile surface(s) not listed in chitin.key
Generating music list...
BD440X
Missing music (A) in musiclist.
Found 542 musics listed in musiclists.
Generating music list...
BD440X
Missing music (A) in musiclist.
Found 0 musics listed in musiclists.
Generating music list...
BD440X
Missing music (A) in musiclist.
Found 0 musics listed in musiclists.
Unknown resource: DIALOG/40a in DATA/SODOVR.BIF (#31)
Unknown resource: FEINEN/40a in DATA/SODOVR.BIF (#32)
Unknown resource: FLOATTXT/40a in DATA/SODOVR.BIF (#35)
Unknown resource: INCLUDES/409 in DATA/SODOVR.BIF (#48)
Unknown resource: L_EN_US/409 in DATA/SODOVR.BIF (#49)
Unknown resource: MEIRYO/40a in DATA/SODOVR.BIF (#50)
Unknown resource: MODESTOM/40a in DATA/SODOVR.BIF (#77)
Unknown resource: NANUM/40a in DATA/SODOVR.BIF (#80)
Unknown resource: NORMAL/40a in DATA/SODOVR.BIF (#81)
Unknown resource: PERMIAN/40a in DATA/SODOVR.BIF (#85)
Unknown resource: POSTANTI/40a in DATA/SODOVR.BIF (#86)
Unknown resource: PTSERIF/40a in DATA/SODOVR.BIF (#87)
Unknown resource: REALMS/40a in DATA/SODOVR.BIF (#92)
Unknown resource: SHERWOOD/40a in DATA/SODOVR.BIF (#98)
Unknown resource: SIMSUN/40a in DATA/SODOVR.BIF (#99)
Unknown resource: STATES2/40a in DATA/SODOVR.BIF (#139)
Unknown resource: STONEBIG/40a in DATA/SODOVR.BIF (#140)
Unknown resource: STONESML/40a in DATA/SODOVR.BIF (#141)
Unknown resource: SUBTITLE/40a in DATA/SODOVR.BIF (#144)
Unknown resource: TOOLFONT/40a in DATA/SODOVR.BIF (#145)
Unknown resource: TOOLTIP/40a in DATA/SODOVR.BIF (#146)
Unknown resource: BGEE/409 in DATA/SODUI.BIF (#190)
Unknown resource: UI/408 in DATA/SODUI.BIF (#1371)
Unknown resource: UTIL/409 in DATA/SODUI.BIF (#1373)
Unknown resource: L_CS_CZ/409 in DATA/PATCH20.BIF (#23)
Unknown resource: L_DE_DE/409 in DATA/PATCH20.BIF (#24)
Unknown resource: L_ES_ES/409 in DATA/PATCH20.BIF (#25)
Unknown resource: L_FR_FR/409 in DATA/PATCH20.BIF (#26)
Unknown resource: L_IT_IT/409 in DATA/PATCH20.BIF (#27)
Unknown resource: L_JA_JP/409 in DATA/PATCH20.BIF (#28)
Unknown resource: L_KO_KR/409 in DATA/PATCH20.BIF (#29)
Unknown resource: L_PL_PL/409 in DATA/PATCH20.BIF (#30)
Unknown resource: L_PT_BR/409 in DATA/PATCH20.BIF (#31)
Unknown resource: L_RU_RU/409 in DATA/PATCH20.BIF (#32)
Unknown resource: L_TR_TR/409 in DATA/PATCH20.BIF (#33)
Unknown resource: L_UK_UA/409 in DATA/PATCH20.BIF (#34)
Unknown resource: L_ZH_CN/409 in DATA/PATCH20.BIF (#35)
Found 627 table(s) in chitin.key.
Found 0 music(s) in chitin.key.
Found 596 area(s) in chitin.key.
Found 17920 animation(s) in chitin.key.
Found 2264 script(s) in chitin.key.
Found 0 biography(s) in chitin.key.
Found 2626 bitmap(s) in chitin.key.
Found 19 character(s) in chitin.key.
Found 35 user interface(s) in chitin.key.
Found 3763 creature(s) in chitin.key.
Found 1834 dialog(s) in chitin.key.
Found 640 external effect(s) in chitin.key.
Found 1 game(s) in chitin.key.
Found 69 identifiers(s) in chitin.key.
Found 470 parameters(s) in chitin.key.
Found 2129 item(s) in chitin.key.
Found 736 tiled image(s) in chitin.key.
Found 0 musiclist(s) in chitin.key.
Found 0 movie(s) in chitin.key.
Found 196 paperdoll(s) in chitin.key.
Found 243 projectile(s) in chitin.key.
Found 1435 spell(s) in chitin.key.
Found 0 string resource(s) in chitin.key.
Found 167 store(s) in chitin.key.
Found 510 tileset(s) in chitin.key.
Found 1 visual effect(s) in chitin.key.
Found 255 videocell(s) in chitin.key.
Found 14286 sound(s) in chitin.key.
Found 442 wedfile(s) in chitin.key.
Found 0 wave effect(s) in chitin.key.
Found 4 worldmap(s) in chitin.key.
Found 12 font(s) in chitin.key.
Found 2 SQL script(s) in chitin.key.
Found 1 GUI script(s) in chitin.key.
Found 65 movie(s) in chitin.key.
Found 3834 tile surface(s) in chitin.key.
Found 31 shader script(s) in chitin.key.
Found 106 table(s) not listed in chitin.key
Found 13 area(s) not listed in chitin.key
Found 883 animation(s) not listed in chitin.key
Found 536 script(s) not listed in chitin.key
Found 1001 bitmap(s) not listed in chitin.key
Found 492 creature(s) not listed in chitin.key
Found 254 dialog(s) not listed in chitin.key
Found 257 external effect(s) not listed in chitin.key
Found 2 identifiers(s) not listed in chitin.key
Found 6 parameters(s) not listed in chitin.key
Found 592 item(s) not listed in chitin.key
Found 13 tiled image(s) not listed in chitin.key
Found 49 projectile(s) not listed in chitin.key
Found 1077 spell(s) not listed in chitin.key
Found 14 store(s) not listed in chitin.key
Found 6 tileset(s) not listed in chitin.key
Found 146 videocell(s) not listed in chitin.key
Found 375 sound(s) not listed in chitin.key
Found 12 wedfile(s) not listed in chitin.key
Found 4 movie(s) not listed in chitin.key
Found 43 tile surface(s) not listed in chitin.key
Generating music list...
L#1VERMU
Missing music (A) in musiclist.
V#1WHBL
Missing music (A) in musiclist.
Found 737 musics listed in musiclists.
Generating music list...
L#1VERMU
Missing music (A) in musiclist.
V#1WHBL
Missing music (A) in musiclist.
Found 0 musics listed in musiclists.
Generating music list...
L#1VERMU
Missing music (A) in musiclist.
V#1WHBL
Missing music (A) in musiclist.
Found 0 musics listed in musiclists.
Unknown resource: UTIL/409 in DATA/PATCH2.BIF (#999)
Unknown resource: UI/408 in DATA/PATCH2.BIF (#997)
Unknown resource: TOOLTIP/40a in DATA/PATCH2.BIF (#995)
Unknown resource: TOOLFONT/40a in DATA/PATCH2.BIF (#994)
Unknown resource: SUBTITLE/40a in DATA/PATCH2.BIF (#992)
Unknown resource: STONESML/40a in DATA/PATCH2.BIF (#991)
Unknown resource: STONEBIG/40a in DATA/PATCH2.BIF (#990)
Unknown resource: STATES2/40a in DATA/PATCH2.BIF (#987)
Unknown resource: SHERWOOD/40a in DATA/PATCH2.BIF (#908)
Unknown resource: REALMS/40a in DATA/PATCH2.BIF (#903)
Unknown resource: POSTANTI/40a in DATA/PATCH2.BIF (#898)
Unknown resource: NORMAL/40a in DATA/PATCH2.BIF (#860)
Unknown resource: MODESTOM/40a in DATA/PATCH2.BIF (#832)
Unknown resource: L_PT_BR/409 in DATA/PATCH2.BIF (#725)
Unknown resource: L_IT_IT/409 in DATA/PATCH2.BIF (#724)
Unknown resource: L_ES_ES/409 in DATA/PATCH2.BIF (#723)
Unknown resource: L_EN_US/409 in DATA/PATCH2.BIF (#722)
Unknown resource: L_DE_DE/409 in DATA/PATCH2.BIF (#721)
Unknown resource: L_CS_CZ/409 in DATA/PATCH2.BIF (#720)
Unknown resource: INCLUDES/409 in DATA/PATCH2.BIF (#701)
Unknown resource: FLOATTXT/40a in DATA/PATCH2.BIF (#643)
Unknown resource: FEINEN/40a in DATA/PATCH2.BIF (#642)
Unknown resource: DIALOG/40a in DATA/PATCH2.BIF (#504)
Unknown resource: BGEE/409 in DATA/PATCH2.BIF (#449)
Unknown resource: /0 in DATA/STORES.BIF (#0)
Found 610 table(s) in chitin.key.
Found 0 music(s) in chitin.key.
Found 423 area(s) in chitin.key.
Found 17106 animation(s) in chitin.key.
Found 4356 script(s) in chitin.key.
Found 4 biography(s) in chitin.key.
Found 2651 bitmap(s) in chitin.key.
Found 4 character(s) in chitin.key.
Found 35 user interface(s) in chitin.key.
Found 4732 creature(s) in chitin.key.
Found 2884 dialog(s) in chitin.key.
Found 542 external effect(s) in chitin.key.
Found 1 game(s) in chitin.key.
Found 70 identifiers(s) in chitin.key.
Found 466 parameters(s) in chitin.key.
Found 2864 item(s) in chitin.key.
Found 617 tiled image(s) in chitin.key.
Found 0 musiclist(s) in chitin.key.
Found 0 movie(s) in chitin.key.
Found 196 paperdoll(s) in chitin.key.
Found 231 projectile(s) in chitin.key.
Found 1607 spell(s) in chitin.key.
Found 0 string resource(s) in chitin.key.
Found 172 store(s) in chitin.key.
Found 460 tileset(s) in chitin.key.
Found 1 visual effect(s) in chitin.key.
Found 224 videocell(s) in chitin.key.
Found 17719 sound(s) in chitin.key.
Found 400 wedfile(s) in chitin.key.
Found 7 wave effect(s) in chitin.key.
Found 2 worldmap(s) in chitin.key.
Found 13 font(s) in chitin.key.
Found 2 SQL script(s) in chitin.key.
Found 1 GUI script(s) in chitin.key.
Found 33 movie(s) in chitin.key.
Found 3671 tile surface(s) in chitin.key.
Found 31 shader script(s) in chitin.key.
Found 242 table(s) not listed in chitin.key
Found 143 area(s) not listed in chitin.key
Found 1467 animation(s) not listed in chitin.key
Found 1556 script(s) not listed in chitin.key
Found 787 bitmap(s) not listed in chitin.key
Found 1414 creature(s) not listed in chitin.key
Found 764 dialog(s) not listed in chitin.key
Found 340 external effect(s) not listed in chitin.key
Found 2 identifiers(s) not listed in chitin.key
Found 2 parameters(s) not listed in chitin.key
Found 1562 item(s) not listed in chitin.key
Found 93 tiled image(s) not listed in chitin.key
Found 3 musiclist(s) not listed in chitin.key
Found 68 projectile(s) not listed in chitin.key
Found 1689 spell(s) not listed in chitin.key
Found 36 store(s) not listed in chitin.key
Found 90 tileset(s) not listed in chitin.key
Found 8 visual effect(s) not listed in chitin.key
Found 211 videocell(s) not listed in chitin.key
Found 1527 sound(s) not listed in chitin.key
Found 89 wedfile(s) not listed in chitin.key
Found 3 movie(s) not listed in chitin.key
Found 150 tile surface(s) not listed in chitin.key
Generating music list...
BD440X
Missing music (A) in musiclist.
Found 542 musics listed in musiclists.
Generating music list...
BD440X
Missing music (A) in musiclist.
Found 0 musics listed in musiclists.
Generating music list...
BD440X
Missing music (A) in musiclist.
Found 0 musics listed in musiclists.
Unknown resource: UTIL/409 in DATA/PATCH2.BIF (#999)
Unknown resource: UI/408 in DATA/PATCH2.BIF (#997)
Unknown resource: TOOLTIP/40a in DATA/PATCH2.BIF (#995)
Unknown resource: TOOLFONT/40a in DATA/PATCH2.BIF (#994)
Unknown resource: SUBTITLE/40a in DATA/PATCH2.BIF (#992)
Unknown resource: STONESML/40a in DATA/PATCH2.BIF (#991)
Unknown resource: STONEBIG/40a in DATA/PATCH2.BIF (#990)
Unknown resource: STATES2/40a in DATA/PATCH2.BIF (#987)
Unknown resource: SHERWOOD/40a in DATA/PATCH2.BIF (#908)
Unknown resource: REALMS/40a in DATA/PATCH2.BIF (#903)
Unknown resource: POSTANTI/40a in DATA/PATCH2.BIF (#898)
Unknown resource: NORMAL/40a in DATA/PATCH2.BIF (#860)
Unknown resource: MODESTOM/40a in DATA/PATCH2.BIF (#832)
Unknown resource: L_PT_BR/409 in DATA/PATCH2.BIF (#725)
Unknown resource: L_IT_IT/409 in DATA/PATCH2.BIF (#724)
Unknown resource: L_ES_ES/409 in DATA/PATCH2.BIF (#723)
Unknown resource: L_EN_US/409 in DATA/PATCH2.BIF (#722)
Unknown resource: L_DE_DE/409 in DATA/PATCH2.BIF (#721)
Unknown resource: L_CS_CZ/409 in DATA/PATCH2.BIF (#720)
Unknown resource: INCLUDES/409 in DATA/PATCH2.BIF (#701)
Unknown resource: FLOATTXT/40a in DATA/PATCH2.BIF (#643)
Unknown resource: FEINEN/40a in DATA/PATCH2.BIF (#642)
Unknown resource: DIALOG/40a in DATA/PATCH2.BIF (#504)
Unknown resource: BGEE/409 in DATA/PATCH2.BIF (#449)
Unknown resource: /0 in DATA/STORES.BIF (#0)
Found 610 table(s) in chitin.key.
Found 0 music(s) in chitin.key.
Found 423 area(s) in chitin.key.
Found 17106 animation(s) in chitin.key.
Found 4356 script(s) in chitin.key.
Found 4 biography(s) in chitin.key.
Found 2651 bitmap(s) in chitin.key.
Found 4 character(s) in chitin.key.
Found 35 user interface(s) in chitin.key.
Found 4732 creature(s) in chitin.key.
Found 2884 dialog(s) in chitin.key.
Found 542 external effect(s) in chitin.key.
Found 1 game(s) in chitin.key.
Found 70 identifiers(s) in chitin.key.
Found 466 parameters(s) in chitin.key.
Found 2864 item(s) in chitin.key.
Found 617 tiled image(s) in chitin.key.
Found 0 musiclist(s) in chitin.key.
Found 0 movie(s) in chitin.key.
Found 196 paperdoll(s) in chitin.key.
Found 231 projectile(s) in chitin.key.
Found 1607 spell(s) in chitin.key.
Found 0 string resource(s) in chitin.key.
Found 172 store(s) in chitin.key.
Found 460 tileset(s) in chitin.key.
Found 1 visual effect(s) in chitin.key.
Found 224 videocell(s) in chitin.key.
Found 17719 sound(s) in chitin.key.
Found 400 wedfile(s) in chitin.key.
Found 7 wave effect(s) in chitin.key.
Found 2 worldmap(s) in chitin.key.
Found 13 font(s) in chitin.key.
Found 2 SQL script(s) in chitin.key.
Found 1 GUI script(s) in chitin.key.
Found 33 movie(s) in chitin.key.
Found 3671 tile surface(s) in chitin.key.
Found 31 shader script(s) in chitin.key.
Found 242 table(s) not listed in chitin.key
Found 143 area(s) not listed in chitin.key
Found 1467 animation(s) not listed in chitin.key
Found 1556 script(s) not listed in chitin.key
Found 787 bitmap(s) not listed in chitin.key
Found 1414 creature(s) not listed in chitin.key
Found 764 dialog(s) not listed in chitin.key
Found 340 external effect(s) not listed in chitin.key
Found 2 identifiers(s) not listed in chitin.key
Found 2 parameters(s) not listed in chitin.key
Found 1562 item(s) not listed in chitin.key
Found 93 tiled image(s) not listed in chitin.key
Found 3 musiclist(s) not listed in chitin.key
Found 68 projectile(s) not listed in chitin.key
Found 1689 spell(s) not listed in chitin.key
Found 36 store(s) not listed in chitin.key
Found 90 tileset(s) not listed in chitin.key
Found 8 visual effect(s) not listed in chitin.key
Found 211 videocell(s) not listed in chitin.key
Found 1527 sound(s) not listed in chitin.key
Found 89 wedfile(s) not listed in chitin.key
Found 3 movie(s) not listed in chitin.key
Found 150 tile surface(s) not listed in chitin.key
Generating music list...
BD440X
Missing music (A) in musiclist.
Found 542 musics listed in musiclists.
Generating music list...
BD440X
Missing music (A) in musiclist.
Found 0 musics listed in musiclists.
Generating music list...
BD440X
Missing music (A) in musiclist.
Found 0 musics listed in musiclists.
Unknown resource: DIALOG/40a in DATA/SODOVR.BIF (#31)
Unknown resource: FEINEN/40a in DATA/SODOVR.BIF (#32)
Unknown resource: FLOATTXT/40a in DATA/SODOVR.BIF (#35)
Unknown resource: INCLUDES/409 in DATA/SODOVR.BIF (#48)
Unknown resource: L_EN_US/409 in DATA/SODOVR.BIF (#49)
Unknown resource: MEIRYO/40a in DATA/SODOVR.BIF (#50)
Unknown resource: MODESTOM/40a in DATA/SODOVR.BIF (#77)
Unknown resource: NANUM/40a in DATA/SODOVR.BIF (#80)
Unknown resource: NORMAL/40a in DATA/SODOVR.BIF (#81)
Unknown resource: PERMIAN/40a in DATA/SODOVR.BIF (#85)
Unknown resource: POSTANTI/40a in DATA/SODOVR.BIF (#86)
Unknown resource: PTSERIF/40a in DATA/SODOVR.BIF (#87)
Unknown resource: REALMS/40a in DATA/SODOVR.BIF (#92)
Unknown resource: SHERWOOD/40a in DATA/SODOVR.BIF (#98)
Unknown resource: SIMSUN/40a in DATA/SODOVR.BIF (#99)
Unknown resource: STATES2/40a in DATA/SODOVR.BIF (#139)
Unknown resource: STONEBIG/40a in DATA/SODOVR.BIF (#140)
Unknown resource: STONESML/40a in DATA/SODOVR.BIF (#141)
Unknown resource: SUBTITLE/40a in DATA/SODOVR.BIF (#144)
Unknown resource: TOOLFONT/40a in DATA/SODOVR.BIF (#145)
Unknown resource: TOOLTIP/40a in DATA/SODOVR.BIF (#146)
Unknown resource: BGEE/409 in DATA/SODUI.BIF (#190)
Unknown resource: UI/408 in DATA/SODUI.BIF (#1371)
Unknown resource: UTIL/409 in DATA/SODUI.BIF (#1373)
Unknown resource: L_CS_CZ/409 in DATA/PATCH20.BIF (#23)
Unknown resource: L_DE_DE/409 in DATA/PATCH20.BIF (#24)
Unknown resource: L_ES_ES/409 in DATA/PATCH20.BIF (#25)
Unknown resource: L_FR_FR/409 in DATA/PATCH20.BIF (#26)
Unknown resource: L_IT_IT/409 in DATA/PATCH20.BIF (#27)
Unknown resource: L_JA_JP/409 in DATA/PATCH20.BIF (#28)
Unknown resource: L_KO_KR/409 in DATA/PATCH20.BIF (#29)
Unknown resource: L_PL_PL/409 in DATA/PATCH20.BIF (#30)
Unknown resource: L_PT_BR/409 in DATA/PATCH20.BIF (#31)
Unknown resource: L_RU_RU/409 in DATA/PATCH20.BIF (#32)
Unknown resource: L_TR_TR/409 in DATA/PATCH20.BIF (#33)
Unknown resource: L_UK_UA/409 in DATA/PATCH20.BIF (#34)
Unknown resource: L_ZH_CN/409 in DATA/PATCH20.BIF (#35)
Found 627 table(s) in chitin.key.
Found 0 music(s) in chitin.key.
Found 596 area(s) in chitin.key.
Found 17920 animation(s) in chitin.key.
Found 2264 script(s) in chitin.key.
Found 0 biography(s) in chitin.key.
Found 2626 bitmap(s) in chitin.key.
Found 19 character(s) in chitin.key.
Found 35 user interface(s) in chitin.key.
Found 3763 creature(s) in chitin.key.
Found 1834 dialog(s) in chitin.key.
Found 640 external effect(s) in chitin.key.
Found 1 game(s) in chitin.key.
Found 69 identifiers(s) in chitin.key.
Found 470 parameters(s) in chitin.key.
Found 2129 item(s) in chitin.key.
Found 736 tiled image(s) in chitin.key.
Found 0 musiclist(s) in chitin.key.
Found 0 movie(s) in chitin.key.
Found 196 paperdoll(s) in chitin.key.
Found 243 projectile(s) in chitin.key.
Found 1435 spell(s) in chitin.key.
Found 0 string resource(s) in chitin.key.
Found 167 store(s) in chitin.key.
Found 510 tileset(s) in chitin.key.
Found 1 visual effect(s) in chitin.key.
Found 255 videocell(s) in chitin.key.
Found 14286 sound(s) in chitin.key.
Found 442 wedfile(s) in chitin.key.
Found 0 wave effect(s) in chitin.key.
Found 4 worldmap(s) in chitin.key.
Found 12 font(s) in chitin.key.
Found 2 SQL script(s) in chitin.key.
Found 1 GUI script(s) in chitin.key.
Found 65 movie(s) in chitin.key.
Found 3834 tile surface(s) in chitin.key.
Found 31 shader script(s) in chitin.key.
Found 106 table(s) not listed in chitin.key
Found 13 area(s) not listed in chitin.key
Found 884 animation(s) not listed in chitin.key
Found 537 script(s) not listed in chitin.key
Found 1001 bitmap(s) not listed in chitin.key
Found 494 creature(s) not listed in chitin.key
Found 255 dialog(s) not listed in chitin.key
Found 257 external effect(s) not listed in chitin.key
Found 2 identifiers(s) not listed in chitin.key
Found 6 parameters(s) not listed in chitin.key
Found 594 item(s) not listed in chitin.key
Found 13 tiled image(s) not listed in chitin.key
Found 49 projectile(s) not listed in chitin.key
Found 1079 spell(s) not listed in chitin.key
Found 14 store(s) not listed in chitin.key
Found 6 tileset(s) not listed in chitin.key
Found 146 videocell(s) not listed in chitin.key
Found 375 sound(s) not listed in chitin.key
Found 12 wedfile(s) not listed in chitin.key
Found 4 movie(s) not listed in chitin.key
Found 43 tile surface(s) not listed in chitin.key
Generating music list...
L#1VERMU
Missing music (A) in musiclist.
V#1WHBL
Missing music (A) in musiclist.
Found 737 musics listed in musiclists.
Generating music list...
L#1VERMU
Missing music (A) in musiclist.
V#1WHBL
Missing music (A) in musiclist.
Found 0 musics listed in musiclists.
Generating music list...
L#1VERMU
Missing music (A) in musiclist.
V#1WHBL
Missing music (A) in musiclist.
Found 0 musics listed in musiclists.
Unknown resource: UTIL/409 in DATA/PATCH2.BIF (#999)
Unknown resource: UI/408 in DATA/PATCH2.BIF (#997)
Unknown resource: TOOLTIP/40a in DATA/PATCH2.BIF (#995)
Unknown resource: TOOLFONT/40a in DATA/PATCH2.BIF (#994)
Unknown resource: SUBTITLE/40a in DATA/PATCH2.BIF (#992)
Unknown resource: STONESML/40a in DATA/PATCH2.BIF (#991)
Unknown resource: STONEBIG/40a in DATA/PATCH2.BIF (#990)
Unknown resource: STATES2/40a in DATA/PATCH2.BIF (#987)
Unknown resource: SHERWOOD/40a in DATA/PATCH2.BIF (#908)
Unknown resource: REALMS/40a in DATA/PATCH2.BIF (#903)
Unknown resource: POSTANTI/40a in DATA/PATCH2.BIF (#898)
Unknown resource: NORMAL/40a in DATA/PATCH2.BIF (#860)
Unknown resource: MODESTOM/40a in DATA/PATCH2.BIF (#832)
Unknown resource: L_PT_BR/409 in DATA/PATCH2.BIF (#725)
Unknown resource: L_IT_IT/409 in DATA/PATCH2.BIF (#724)
Unknown resource: L_ES_ES/409 in DATA/PATCH2.BIF (#723)
Unknown resource: L_EN_US/409 in DATA/PATCH2.BIF (#722)
Unknown resource: L_DE_DE/409 in DATA/PATCH2.BIF (#721)
Unknown resource: L_CS_CZ/409 in DATA/PATCH2.BIF (#720)
Unknown resource: INCLUDES/409 in DATA/PATCH2.BIF (#701)
Unknown resource: FLOATTXT/40a in DATA/PATCH2.BIF (#643)
Unknown resource: FEINEN/40a in DATA/PATCH2.BIF (#642)
Unknown resource: DIALOG/40a in DATA/PATCH2.BIF (#504)
Unknown resource: BGEE/409 in DATA/PATCH2.BIF (#449)
Unknown resource: /0 in DATA/STORES.BIF (#0)
Found 610 table(s) in chitin.key.
Found 0 music(s) in chitin.key.
Found 423 area(s) in chitin.key.
Found 17106 animation(s) in chitin.key.
Found 4356 script(s) in chitin.key.
Found 4 biography(s) in chitin.key.
Found 2651 bitmap(s) in chitin.key.
Found 4 character(s) in chitin.key.
Found 35 user interface(s) in chitin.key.
Found 4732 creature(s) in chitin.key.
Found 2884 dialog(s) in chitin.key.
Found 542 external effect(s) in chitin.key.
Found 1 game(s) in chitin.key.
Found 70 identifiers(s) in chitin.key.
Found 466 parameters(s) in chitin.key.
Found 2864 item(s) in chitin.key.
Found 617 tiled image(s) in chitin.key.
Found 0 musiclist(s) in chitin.key.
Found 0 movie(s) in chitin.key.
Found 196 paperdoll(s) in chitin.key.
Found 231 projectile(s) in chitin.key.
Found 1607 spell(s) in chitin.key.
Found 0 string resource(s) in chitin.key.
Found 172 store(s) in chitin.key.
Found 460 tileset(s) in chitin.key.
Found 1 visual effect(s) in chitin.key.
Found 224 videocell(s) in chitin.key.
Found 17719 sound(s) in chitin.key.
Found 400 wedfile(s) in chitin.key.
Found 7 wave effect(s) in chitin.key.
Found 2 worldmap(s) in chitin.key.
Found 13 font(s) in chitin.key.
Found 2 SQL script(s) in chitin.key.
Found 1 GUI script(s) in chitin.key.
Found 33 movie(s) in chitin.key.
Found 3671 tile surface(s) in chitin.key.
Found 31 shader script(s) in chitin.key.
Found 242 table(s) not listed in chitin.key
Found 143 area(s) not listed in chitin.key
Found 1467 animation(s) not listed in chitin.key
Found 1556 script(s) not listed in chitin.key
Found 787 bitmap(s) not listed in chitin.key
Found 1414 creature(s) not listed in chitin.key
Found 764 dialog(s) not listed in chitin.key
Found 340 external effect(s) not listed in chitin.key
Found 2 identifiers(s) not listed in chitin.key
Found 2 parameters(s) not listed in chitin.key
Found 1562 item(s) not listed in chitin.key
Found 93 tiled image(s) not listed in chitin.key
Found 3 musiclist(s) not listed in chitin.key
Found 68 projectile(s) not listed in chitin.key
Found 1689 spell(s) not listed in chitin.key
Found 36 store(s) not listed in chitin.key
Found 90 tileset(s) not listed in chitin.key
Found 8 visual effect(s) not listed in chitin.key
Found 211 videocell(s) not listed in chitin.key
Found 1527 sound(s) not listed in chitin.key
Found 89 wedfile(s) not listed in chitin.key
Found 3 movie(s) not listed in chitin.key
Found 150 tile surface(s) not listed in chitin.key
Generating music list...
BD440X
Missing music (A) in musiclist.
Found 542 musics listed in musiclists.
Generating music list...
BD440X
Missing music (A) in musiclist.
Found 0 musics listed in musiclists.
Generating music list...
BD440X
Missing music (A) in musiclist.
Found 0 musics listed in musiclists.
